Using pre-set license

 COMMAND LINE ARGUMENTS:
/Users/ouyang/Documents/Unity/2020.3.4f1/Unity.app/Contents/MacOS/Unity
-adb2
-batchMode
-noUpm
-name
AssetImportWorker0
-projectPath
/Users/ouyang/Desktop/CS Learning/SG8/Unity/Escape the Room
-logFile
Logs/AssetImportWorker0.log
-srvPort
62163
Successfully changed project path to: /Users/ouyang/Desktop/CS Learning/SG8/Unity/Escape the Room
/Users/ouyang/Desktop/CS Learning/SG8/Unity/Escape the Room
Using Asset Import Pipeline V2.
Refreshing native plugins compatible for Editor in 45.96 ms, found 1 plugins.
Preloading 0 native plugins for Editor in 0.00 ms.
Initialize engine version: 2020.3.4f1 (0abb6314276a)
[Subsystems] Discovering subsystems at path /Users/ouyang/Documents/Unity/2020.3.4f1/Unity.app/Contents/Resources/UnitySubsystems
[Subsystems] Discovering subsystems at path /Users/ouyang/Desktop/CS Learning/SG8/Unity/Escape the Room/Assets
GfxDevice: creating device client; threaded=0
2021-04-22 17:57:24.005 Unity[81920:6797015] Color LCD preferred device: Intel(R) UHD Graphics 630 (low power)
2021-04-22 17:57:24.005 Unity[81920:6797015] Metal devices available: 2
2021-04-22 17:57:24.006 Unity[81920:6797015] 0: AMD Radeon Pro 5300M (high power)
2021-04-22 17:57:24.006 Unity[81920:6797015] 1: Intel(R) UHD Graphics 630 (low power)
2021-04-22 17:57:24.006 Unity[81920:6797015] Using device AMD Radeon Pro 5300M (high power)
Initializing Metal device caps: AMD Radeon Pro 5300M
Initialize mono
Mono path[0] = '/Users/ouyang/Documents/Unity/2020.3.4f1/Unity.app/Contents/Managed'
Mono path[1] = '/Users/ouyang/Documents/Unity/2020.3.4f1/Unity.app/Contents/MonoBleedingEdge/lib/mono/unityjit'
Mono config path = '/Users/ouyang/Documents/Unity/2020.3.4f1/Unity.app/Contents/MonoBleedingEdge/etc'
Using monoOptions --debugger-agent=transport=dt_socket,embedding=1,server=y,suspend=n,address=127.0.0.1:56920
Begin MonoManager ReloadAssembly
Registering precompiled unity dll's ...
Register platform support module: /Users/ouyang/Documents/Unity/2020.3.4f1/PlaybackEngines/WebGLSupport/UnityEditor.WebGL.Extensions.dll
Register platform support module: /Users/ouyang/Documents/Unity/2020.3.4f1/Unity.app/Contents/PlaybackEngines/MacStandaloneSupport/UnityEditor.OSXStandalone.Extensions.dll
Registered in 0.002765 seconds.
Native extension for OSXStandalone target not found
Native extension for WebGL target not found
Refreshing native plugins compatible for Editor in 33.85 ms, found 1 plugins.
Preloading 0 native plugins for Editor in 0.00 ms.
Mono: successfully reloaded assembly
- Completed reload, in  1.934 seconds
Platform modules already initialized, skipping
Registering precompiled user dll's ...
Registered in 0.004133 seconds.
Begin MonoManager ReloadAssembly
Native extension for OSXStandalone target not found
Native extension for WebGL target not found
Refreshing native plugins compatible for Editor in 0.41 ms, found 1 plugins.
Preloading 0 native plugins for Editor in 0.00 ms.
Mono: successfully reloaded assembly
- Completed reload, in  1.088 seconds
Platform modules already initialized, skipping
========================================================================
Worker process is ready to serve import requests
Launching external process: /Users/ouyang/Documents/Unity/2020.3.4f1/Unity.app/Contents/Tools/UnityShaderCompiler
Launched and connected shader compiler UnityShaderCompiler after 0.01 seconds
Refreshing native plugins compatible for Editor in 0.40 ms, found 1 plugins.
Preloading 0 native plugins for Editor in 0.00 ms.
Unloading 1636 Unused Serialized files (Serialized files now loaded: 0)
System memory in use before: 218.7 MB.
System memory in use after: 218.8 MB.

Unloading 36 unused Assets to reduce memory usage. Loaded Objects now: 2072.
Total: 1.884825 ms (FindLiveObjects: 0.198007 ms CreateObjectMapping: 0.058702 ms MarkObjects: 1.526090 ms  DeleteObjects: 0.100809 ms)

========================================================================
Received Import Request.
  path: Assets/Materials
  artifactKey: Guid(3f0f264239b4ea943937dd9d0fc60963) Importer(815301076,1909f56bfc062723c751e8b465ee728b)
Start importing Assets/Materials using Guid(3f0f264239b4ea943937dd9d0fc60963) Importer(815301076,1909f56bfc062723c751e8b465ee728b)  -> (artifact id: '59fe054e75f9275151c24f1a29d6403c') in 0.003014 seconds
  Import took 0.006899 seconds .

========================================================================
Received Import Request.
  Time since last request: 757.708317 seconds.
  path: Assets/Materials/VFX/Steam.mat
  artifactKey: Guid(4cd7f6cf6430b2347803bd0c957fbbce) Importer(815301076,1909f56bfc062723c751e8b465ee728b)
Start importing Assets/Materials/VFX/Steam.mat using Guid(4cd7f6cf6430b2347803bd0c957fbbce) Importer(815301076,1909f56bfc062723c751e8b465ee728b)  -> (artifact id: 'c040761b3afd0468069b71f5809ac510') in 0.815590 seconds
  Import took 0.820505 seconds .

========================================================================
Received Import Request.
  Time since last request: 1.289910 seconds.
  path: Assets/Materials/VFX/DustMote.mat
  artifactKey: Guid(e27a3e2f84809914fa5bf3a7ac14ce9f) Importer(815301076,1909f56bfc062723c751e8b465ee728b)
Start importing Assets/Materials/VFX/DustMote.mat using Guid(e27a3e2f84809914fa5bf3a7ac14ce9f) Importer(815301076,1909f56bfc062723c751e8b465ee728b)  -> (artifact id: 'b769a60e3093cdf5c8a5b77ddd8e25c9') in 0.069218 seconds
  Import took 0.072456 seconds .

========================================================================
Received Import Request.
  Time since last request: 1.288083 seconds.
  path: Assets/Materials/VFX/WaterDropSmall.mat
  artifactKey: Guid(c4d4365c3eeb8a54183f5af15699021d) Importer(815301076,1909f56bfc062723c751e8b465ee728b)
Start importing Assets/Materials/VFX/WaterDropSmall.mat using Guid(c4d4365c3eeb8a54183f5af15699021d) Importer(815301076,1909f56bfc062723c751e8b465ee728b)  -> (artifact id: 'cabb7fb65d3c0412523e1ae43fddd3db') in 0.188528 seconds
  Import took 0.192404 seconds .

========================================================================
Received Import Request.
  Time since last request: 0.019115 seconds.
  path: Assets/Materials/VFX/WaterDropSmall.mat
  artifactKey: Guid(c4d4365c3eeb8a54183f5af15699021d) Importer(815301076,1909f56bfc062723c751e8b465ee728b)
Start importing Assets/Materials/VFX/WaterDropSmall.mat using Guid(c4d4365c3eeb8a54183f5af15699021d) Importer(815301076,1909f56bfc062723c751e8b465ee728b)  -> (artifact id: 'cabb7fb65d3c0412523e1ae43fddd3db') in 0.007996 seconds
  Import took 0.011782 seconds .

